[debug] [2020-04-28T13:33:48.997Z] ----------------------------------------------------------------------
[debug] [2020-04-28T13:33:49.000Z] Command:       C:\ProgramData\Anaconda3\node.exe C:\ProgramData\Anaconda3\node_modules\firebase-tools\lib\bin\firebase.js emulators:start --only firestore
[debug] [2020-04-28T13:33:49.000Z] CLI Version:   8.1.1
[debug] [2020-04-28T13:33:49.000Z] Platform:      win32
[debug] [2020-04-28T13:33:49.000Z] Node Version:  v10.13.0
[debug] [2020-04-28T13:33:49.002Z] Time:          Tue Apr 28 2020 09:33:49 GMT-0400 (Eastern Daylight Time)
[debug] [2020-04-28T13:33:49.002Z] ----------------------------------------------------------------------
[debug] [2020-04-28T13:33:49.002Z] 
[debug] [2020-04-28T13:33:49.042Z] > command requires scopes: ["email","openid","https://www.googleapis.com/auth/cloudplatformprojects.readonly","https://www.googleapis.com/auth/firebase","https://www.googleapis.com/auth/cloud-platform"]
[debug] [2020-04-28T13:33:49.043Z] > authorizing via signed-in user
[info] i  emulators: Starting emulators: firestore
[debug] [2020-04-28T13:33:51.124Z] [hub] writing locator at C:\Users\cwb\AppData\Local\Temp\hub-games-eac51.json
[info] +  hub: emulator hub started at http://localhost:4400
[info] i  firestore: downloading cloud-firestore-emulator-v1.11.3.jar...
[debug] [2020-04-28T13:34:56.178Z] Ignoring unsupported arg: projectId
[debug] [2020-04-28T13:34:56.178Z] Ignoring unsupported arg: auto_download
[debug] [2020-04-28T13:34:56.178Z] Starting firestore emulator with command {"binary":"java","args":["-Duser.language=en","-jar","C:\\Users\\cwb\\.cache\\firebase\\emulators\\cloud-firestore-emulator-v1.11.3.jar","--host","localhost","--port",8080,"--rules","C:\\Users\\cwb\\Documents\\Projects\\Games\\partygames\\firestore.rules"],"optionalArgs":["port","webchannel_port","host","rules","functions_emulator","seed_from_export"],"joinArgs":false}
[info] i  firestore: firestore emulator logging to firestore-debug.log
[debug] [2020-04-28T13:35:00.934Z] API endpoint: http://localhost:8080

[debug] [2020-04-28T13:35:00.934Z] If you are using a library that supports the FIRESTORE_EMULATOR_HOST environment variable, run:

   export FIRESTORE_EMULATOR_HOST=localhost:8080

Dev App Server is now running.


[info] +  firestore: firestore emulator started at http://localhost:8080
[info] i  firestore: For testing set FIRESTORE_EMULATOR_HOST=localhost:8080
[info] +  emulators: All emulators started, it is now safe to connect.
[debug] [2020-04-28T13:35:24.888Z] Apr 28, 2020 9:35:24 AM io.gapi.emulators.netty.HttpVersionRoutingHandler channelRead
INFO: Detected non-HTTP/2 connection.

[debug] [2020-04-28T13:35:25.003Z] Apr 28, 2020 9:35:25 AM io.gapi.emulators.netty.NotFoundHandler handleRequest
INFO: Unknown request URI: /favicon.ico

